Using pre-set license
Built from '2021.1/staging' branch; Version is '2021.1.7f1 (d91830b65d9b) revision 14227504'; Using compiler version '192528614'; Build Type 'Release'
OS: 'Windows 10 Home Single Language; OS build 19042.928; Version 2009; 64bit' Language: 'en' Physical Memory: 12164 MB
BatchMode: 1, IsHumanControllingUs: 0, StartBugReporterOnCrash: 0, Is64bit: 1, IsPro: 0

 COMMAND LINE ARGUMENTS:
D:\FileCaiUnity\2021.1.7f1\Editor\Unity.exe
-adb2
-batchMode
-noUpm
-name
AssetImportWorker0
-projectPath
D:/NewBackup/GalaxyShooter/GameGalaxyShooter/GalaxyShooter
-logFile
Logs/AssetImportWorker0.log
-srvPort
58877
Successfully changed project path to: D:/NewBackup/GalaxyShooter/GameGalaxyShooter/GalaxyShooter
D:/NewBackup/GalaxyShooter/GameGalaxyShooter/GalaxyShooter
Using Asset Import Pipeline V2.
Refreshing native plugins compatible for Editor in 70.91 ms, found 1 plugins.
Preloading 0 native plugins for Editor in 0.00 ms.
Initialize engine version: 2021.1.7f1 (d91830b65d9b)
[Subsystems] Discovering subsystems at path D:/FileCaiUnity/2021.1.7f1/Editor/Data/Resources/UnitySubsystems
[Subsystems] Discovering subsystems at path D:/NewBackup/GalaxyShooter/GameGalaxyShooter/GalaxyShooter/Assets
GfxDevice: creating device client; threaded=0; jobified=0
Direct3D:
    Version:  Direct3D 11.0 [level 11.1]
    Renderer: Intel(R) UHD Graphics 620 (ID=0x3ea0)
    Vendor:   Intel
    VRAM:     6082 MB
    Driver:   26.20.100.7463
Initialize mono
Mono path[0] = 'D:/FileCaiUnity/2021.1.7f1/Editor/Data/Managed'
Mono path[1] = 'D:/FileCaiUnity/2021.1.7f1/Editor/Data/MonoBleedingEdge/lib/mono/unityjit'
Mono config path = 'D:/FileCaiUnity/2021.1.7f1/Editor/Data/MonoBleedingEdge/etc'
Using monoOptions --debugger-agent=transport=dt_socket,embedding=1,server=y,suspend=n,address=127.0.0.1:56720
Begin MonoManager ReloadAssembly
Registering precompiled unity dll's ...
Register platform support module: D:/FileCaiUnity/2021.1.7f1/Editor/Data/PlaybackEngines/WebGLSupport/UnityEditor.WebGL.Extensions.dll
Register platform support module: D:/FileCaiUnity/2021.1.7f1/Editor/Data/PlaybackEngines/MacStandaloneSupport/UnityEditor.OSXStandalone.Extensions.dll
Register platform support module: D:/FileCaiUnity/2021.1.7f1/Editor/Data/PlaybackEngines/WindowsStandaloneSupport/UnityEditor.WindowsStandalone.Extensions.dll
Register platform support module: D:/FileCaiUnity/2021.1.7f1/Editor/Data/PlaybackEngines/LinuxStandaloneSupport/UnityEditor.LinuxStandalone.Extensions.dll
Register platform support module: D:/FileCaiUnity/2021.1.7f1/Editor/Data/PlaybackEngines/LuminSupport/UnityEditor.Lumin.Extensions.dll
Registered in 0.003034 seconds.
Native extension for Lumin target not found
Native extension for LinuxStandalone target not found
Native extension for WindowsStandalone target not found
Native extension for OSXStandalone target not found
Native extension for WebGL target not found
Refreshing native plugins compatible for Editor in 64.26 ms, found 1 plugins.
Preloading 0 native plugins for Editor in 0.00 ms.
Mono: successfully reloaded assembly
- Completed reload, in  1.925 seconds
Platform modules already initialized, skipping
Registering precompiled user dll's ...
Registered in 0.001070 seconds.
Begin MonoManager ReloadAssembly
Native extension for Lumin target not found
Native extension for LinuxStandalone target not found
Native extension for WindowsStandalone target not found
Native extension for OSXStandalone target not found
Native extension for WebGL target not found
Refreshing native plugins compatible for Editor in 64.50 ms, found 1 plugins.
Preloading 0 native plugins for Editor in 0.00 ms.
Mono: successfully reloaded assembly
- Completed reload, in  1.449 seconds
Platform modules already initialized, skipping
========================================================================
Worker process is ready to serve import requests
Launched and connected shader compiler UnityShaderCompiler.exe after 0.08 seconds
Refreshing native plugins compatible for Editor in 0.63 ms, found 1 plugins.
Preloading 0 native plugins for Editor in 0.00 ms.
Unloading 2303 Unused Serialized files (Serialized files now loaded: 0)
System memory in use before: 116.3 MB.
System memory in use after: 116.5 MB.

Unloading 34 unused Assets to reduce memory usage. Loaded Objects now: 2772.
Total: 4.202300 ms (FindLiveObjects: 0.250200 ms CreateObjectMapping: 0.171400 ms MarkObjects: 3.652800 ms  DeleteObjects: 0.126300 ms)

========================================================================
Received Import Request.
  path: Assets/Script/Data
  artifactKey: Guid(388feb6eb4c1b434e9a4c826ec612130) Importer(815301076,1909f56bfc062723c751e8b465ee728b)
Start importing Assets/Script/Data using Guid(388feb6eb4c1b434e9a4c826ec612130) Importer(815301076,1909f56bfc062723c751e8b465ee728b)  -> (artifact id: 'a9e3bb9a48f1e68a8517ae5ffc7e4b46') in 0.004229 seconds 
========================================================================
Received Import Request.
  Time since last request: 51.331792 seconds.
  path: Assets/Script/Player/PlayerController.cs
  artifactKey: Guid(c4e4c5e684b37b343947dde701d9eb98) Importer(815301076,1909f56bfc062723c751e8b465ee728b)
Start importing Assets/Script/Player/PlayerController.cs using Guid(c4e4c5e684b37b343947dde701d9eb98) Importer(815301076,1909f56bfc062723c751e8b465ee728b)  -> (artifact id: '0230b040d90055203b6ed9bb14154085') in 0.053466 seconds 
========================================================================
Received Import Request.
  Time since last request: 49.901442 seconds.
  path: Assets/Data/PlayerInput.cs
  artifactKey: Guid(358bd4d7b8be25a458b81439d7f12fd6) Importer(815301076,1909f56bfc062723c751e8b465ee728b)
Start importing Assets/Data/PlayerInput.cs using Guid(358bd4d7b8be25a458b81439d7f12fd6) Importer(815301076,1909f56bfc062723c751e8b465ee728b)  -> (artifact id: 'a5a3f15054630c93358d27d39f612696') in 0.107989 seconds 
========================================================================
Received Import Request.
  Time since last request: 2.520606 seconds.
  path: Assets/Data/PlayerInput.inputactions
  artifactKey: Guid(1406f3d36177edb4dbc680055f509532) Importer(815301076,1909f56bfc062723c751e8b465ee728b)
Start importing Assets/Data/PlayerInput.inputactions using Guid(1406f3d36177edb4dbc680055f509532) Importer(815301076,1909f56bfc062723c751e8b465ee728b)  -> (artifact id: 'dfc2cd1cdce183b464333d88c8ae12c8') in 0.069015 seconds 
========================================================================
Received Import Request.
  Time since last request: 2194.635486 seconds.
  path: Assets/Data/PlayerInput.inputactions
  artifactKey: Guid(1406f3d36177edb4dbc680055f509532) Importer(815301076,1909f56bfc062723c751e8b465ee728b)
Start importing Assets/Data/PlayerInput.inputactions using Guid(1406f3d36177edb4dbc680055f509532) Importer(815301076,1909f56bfc062723c751e8b465ee728b)  -> (artifact id: '3e97bdb8d43d56b0697b5863b0e5b694') in 0.003559 seconds 
========================================================================
Received Import Request.
  Time since last request: 441.981606 seconds.
  path: Assets/Data/PlayerInput.inputactions
  artifactKey: Guid(1406f3d36177edb4dbc680055f509532) Importer(815301076,1909f56bfc062723c751e8b465ee728b)
Start importing Assets/Data/PlayerInput.inputactions using Guid(1406f3d36177edb4dbc680055f509532) Importer(815301076,1909f56bfc062723c751e8b465ee728b)  -> (artifact id: '678c26f3631759b3d27dc2816f4a94a1') in 0.003430 seconds 
========================================================================
Received Prepare
Registering precompiled user dll's ...
Registered in 0.042092 seconds.
Begin MonoManager ReloadAssembly
Native extension for Lumin target not found
Native extension for LinuxStandalone target not found
Native extension for WindowsStandalone target not found
Native extension for OSXStandalone target not found
Native extension for WebGL target not found
Refreshing native plugins compatible for Editor in 0.60 ms, found 1 plugins.
Preloading 0 native plugins for Editor in 0.00 ms.
Mono: successfully reloaded assembly
- Completed reload, in  0.969 seconds
Platform modules already initialized, skipping
Switching build target platform(19) subTarget(0) extendedPlatform(0) -> platform(13) subTarget(537395200) extendedPlatform(0)
Refreshing native plugins compatible for Editor in 0.56 ms, found 1 plugins.
Preloading 0 native plugins for Editor in 0.00 ms.
Unloading 2283 Unused Serialized files (Serialized files now loaded: 0)
System memory in use before: 114.7 MB.
System memory in use after: 114.9 MB.

Unloading 22 unused Assets to reduce memory usage. Loaded Objects now: 2775.
Total: 2.679400 ms (FindLiveObjects: 0.212900 ms CreateObjectMapping: 0.097400 ms MarkObjects: 2.351300 ms  DeleteObjects: 0.016900 ms)

AssetImportParameters requested are different than current active one (requested -> active):
  custom:graphics/normal-map-encoding: 01000000000000000000000000000000 -> 02000000000000000000000000000000
AssetImportWorkerClient::OnTransportError - code=2 error=End of file
