Using pre-set license
Built from '2021.1/staging' branch; Version is '2021.1.7f1 (d91830b65d9b) revision 14227504'; Using compiler version '192528614'; Build Type 'Release'
OS: 'Windows 10 Home Single Language; OS build 19042.928; Version 2009; 64bit' Language: 'en' Physical Memory: 12164 MB
BatchMode: 1, IsHumanControllingUs: 0, StartBugReporterOnCrash: 0, Is64bit: 1, IsPro: 0

 COMMAND LINE ARGUMENTS:
D:\FileCaiUnity\2021.1.7f1\Editor\Unity.exe
-adb2
-batchMode
-noUpm
-name
AssetImportWorker2
-projectPath
D:/NewBackup/GalaxyShooter/GameGalaxyShooter/GalaxyShooter
-logFile
Logs/AssetImportWorker2.log
-srvPort
51482
Successfully changed project path to: D:/NewBackup/GalaxyShooter/GameGalaxyShooter/GalaxyShooter
D:/NewBackup/GalaxyShooter/GameGalaxyShooter/GalaxyShooter
Using Asset Import Pipeline V2.
Refreshing native plugins compatible for Editor in 72.91 ms, found 1 plugins.
Preloading 0 native plugins for Editor in 0.00 ms.
Initialize engine version: 2021.1.7f1 (d91830b65d9b)
[Subsystems] Discovering subsystems at path D:/FileCaiUnity/2021.1.7f1/Editor/Data/Resources/UnitySubsystems
[Subsystems] Discovering subsystems at path D:/NewBackup/GalaxyShooter/GameGalaxyShooter/GalaxyShooter/Assets
GfxDevice: creating device client; threaded=0; jobified=0
Direct3D:
    Version:  Direct3D 11.0 [level 11.1]
    Renderer: Intel(R) UHD Graphics 620 (ID=0x3ea0)
    Vendor:   Intel
    VRAM:     6082 MB
    Driver:   26.20.100.7463
Initialize mono
Mono path[0] = 'D:/FileCaiUnity/2021.1.7f1/Editor/Data/Managed'
Mono path[1] = 'D:/FileCaiUnity/2021.1.7f1/Editor/Data/MonoBleedingEdge/lib/mono/unityjit'
Mono config path = 'D:/FileCaiUnity/2021.1.7f1/Editor/Data/MonoBleedingEdge/etc'
Using monoOptions --debugger-agent=transport=dt_socket,embedding=1,server=y,suspend=n,address=127.0.0.1:56308
Begin MonoManager ReloadAssembly
Registering precompiled unity dll's ...
Register platform support module: D:/FileCaiUnity/2021.1.7f1/Editor/Data/PlaybackEngines/WebGLSupport/UnityEditor.WebGL.Extensions.dll
Register platform support module: D:/FileCaiUnity/2021.1.7f1/Editor/Data/PlaybackEngines/MacStandaloneSupport/UnityEditor.OSXStandalone.Extensions.dll
Register platform support module: D:/FileCaiUnity/2021.1.7f1/Editor/Data/PlaybackEngines/WindowsStandaloneSupport/UnityEditor.WindowsStandalone.Extensions.dll
Register platform support module: D:/FileCaiUnity/2021.1.7f1/Editor/Data/PlaybackEngines/LinuxStandaloneSupport/UnityEditor.LinuxStandalone.Extensions.dll
Register platform support module: D:/FileCaiUnity/2021.1.7f1/Editor/Data/PlaybackEngines/LuminSupport/UnityEditor.Lumin.Extensions.dll
Registered in 0.003336 seconds.
Native extension for Lumin target not found
Native extension for LinuxStandalone target not found
Native extension for WindowsStandalone target not found
Native extension for OSXStandalone target not found
Native extension for WebGL target not found
Refreshing native plugins compatible for Editor in 63.81 ms, found 1 plugins.
Preloading 0 native plugins for Editor in 0.00 ms.
Mono: successfully reloaded assembly
- Completed reload, in  2.553 seconds
Platform modules already initialized, skipping
Registering precompiled user dll's ...
Registered in 0.001009 seconds.
Begin MonoManager ReloadAssembly
Native extension for Lumin target not found
Native extension for LinuxStandalone target not found
Native extension for WindowsStandalone target not found
Native extension for OSXStandalone target not found
Native extension for WebGL target not found
Refreshing native plugins compatible for Editor in 77.13 ms, found 1 plugins.
Preloading 0 native plugins for Editor in 0.00 ms.
Mono: successfully reloaded assembly
- Completed reload, in  3.819 seconds
Platform modules already initialized, skipping
========================================================================
Worker process is ready to serve import requests
Launched and connected shader compiler UnityShaderCompiler.exe after 0.50 seconds
Refreshing native plugins compatible for Editor in 0.58 ms, found 1 plugins.
Preloading 0 native plugins for Editor in 0.00 ms.
Unloading 2303 Unused Serialized files (Serialized files now loaded: 0)
System memory in use before: 116.3 MB.
System memory in use after: 116.5 MB.

Unloading 34 unused Assets to reduce memory usage. Loaded Objects now: 2772.
Total: 3.456100 ms (FindLiveObjects: 0.321200 ms CreateObjectMapping: 0.172900 ms MarkObjects: 2.885800 ms  DeleteObjects: 0.075000 ms)

========================================================================
Received Import Request.
  path: Assets/Script/ProjecTileController.cs
  artifactKey: Guid(d56c87dcc5569f446a9a3f26254bc3f6) Importer(815301076,1909f56bfc062723c751e8b465ee728b)
Start importing Assets/Script/ProjecTileController.cs using Guid(d56c87dcc5569f446a9a3f26254bc3f6) Importer(815301076,1909f56bfc062723c751e8b465ee728b)  -> (artifact id: '9cb60d495f4c737074635d4b97792dbd') in 0.075373 seconds 
AssetImportWorkerClient::OnTransportError - code=2 error=End of file
